<?xml version="1.0" encoding="UTF-8"?>
<!-- Generated by org.testng.reporters.JUnitXMLReporter -->
<testsuite hostname="WKWIN2240768" ignored="0" name="Test" tests="3" failures="0" timestamp="14 Aug 2018 04:39:01 GMT" time="36.096" errors="0">
  <testcase name="shouldThrowAnErrorIfSignInDetailsAreMissing" time="2.565" classname="test.SignInTest"/>
  <testcase name="testThatResultsAppearForAOneWayJourney" time="4.221" classname="test.FlightBookingTest"/>
  <testcase name="shouldBeAbleToSearchForHotels" time="7.713" classname="test.HotelBookingTest"/>
</testsuite> <!-- Test -->
