<?xml version="1.0" encoding="UTF-8"?>
<!-- Generated by org.testng.reporters.JUnitXMLReporter -->
<testsuite hostname="WKWIN2240768" name="Test" tests="3" failures="0" timestamp="14 Aug 2018 06:03:32 GMT" time="42.854" errors="0">
  <testcase name="shouldThrowAnErrorIfSignInDetailsAreMissing" time="1.141" classname="test.SignInTest"/>
  <testcase name="testThatResultsAppearForAOneWayJourney" time="6.016" classname="test.FlightBookingTest"/>
  <testcase name="shouldBeAbleToSearchForHotels" time="7.119" classname="test.HotelBookingTest"/>
</testsuite> <!-- Test -->
