<?xml version="1.0" encoding="UTF-8"?>
<testng-results skipped="0" failed="0" ignored="0" total="1" passed="1">
  <reporter-output>
  </reporter-output>
  <suite name="Default suite" duration-ms="19707" started-at="2018-08-11T16:50:47Z" finished-at="2018-08-11T16:51:07Z">
    <groups>
    </groups>
    <test name="Default test" duration-ms="19707" started-at="2018-08-11T16:50:47Z" finished-at="2018-08-11T16:51:07Z">
      <class name="SignInTest">
        <test-method status="PASS" signature="beforeMethod()[pri:0, instance:SignInTest@51565ec2]" name="beforeMethod" is-config="true" duration-ms="3042" started-at="2018-08-11T22:20:47Z" finished-at="2018-08-11T22:20:50Z">
          <reporter-output>
          </reporter-output>
        </test-method> <!-- beforeMethod -->
        <test-method status="PASS" signature="shouldThrowAnErrorIfSignInDetailsAreMissing()[pri:0, instance:SignInTest@51565ec2]" name="shouldThrowAnErrorIfSignInDetailsAreMissing" duration-ms="16650" started-at="2018-08-11T22:20:50Z" finished-at="2018-08-11T22:21:07Z">
          <reporter-output>
          </reporter-output>
        </test-method> <!-- shouldThrowAnErrorIfSignInDetailsAreMissing -->
      </class> <!-- SignInTest -->
    </test> <!-- Default test -->
  </suite> <!-- Default suite -->
</testng-results>
